<?xml version="1.0" encoding="UTF-8"?>
<!-- Generated by org.testng.reporters.JUnitReportReporter -->
<testsuite skipped="0" hostname="AA-PC" name="p1.ClassA" tests="3" failures="0" timestamp="2020-02-13T19:05:07 IST" time="0.031" errors="0">
  <testcase name="tc001" time="0.031" classname="p1.ClassA"/>
  <testcase name="tc002" time="0.000" classname="p1.ClassA"/>
  <testcase name="tc003" time="0.000" classname="p1.ClassA"/>
</testsuite> <!-- p1.ClassA -->
