<?xml version="1.0" encoding="UTF-8"?>
<!-- Generated by org.testng.reporters.JUnitReportReporter -->
<testsuite skipped="0" hostname="AA-PC" name="p2.ClassB" tests="3" failures="0" timestamp="2020-02-13T19:05:07 IST" time="0.015" errors="0">
  <testcase name="tc004" time="0.000" classname="p2.ClassB"/>
  <testcase name="tc005" time="0.015" classname="p2.ClassB"/>
  <testcase name="tc006" time="0.000" classname="p2.ClassB"/>
</testsuite> <!-- p2.ClassB -->
